2026-01-02 20:59:29,887 - ERROR - Row 2: Validation failed
2026-01-02 20:59:29,887 - ERROR -    Errors: ['Company name is required']
2026-01-02 20:59:29,887 - ERROR -    Data: {'company_name': '', 'contact_person': 'Jane', 'email': 'jane@test.com', 'industry': 'Finance', 'status': 'New'}
2026-01-02 20:59:29,887 - ERROR - Row 3: Validation failed
2026-01-02 20:59:29,887 - ERROR -    Errors: ['Invalid email format']
2026-01-02 20:59:29,887 - ERROR -    Data: {'company_name': 'Beta Inc', 'contact_person': 'Bob', 'email': 'not-an-email', 'industry': 'Healthcare', 'status': 'New'}
2026-01-02 20:59:29,887 - ERROR - Row 4: Validation failed
2026-01-02 20:59:29,887 - ERROR -    Errors: ['Industry must be of of: Technology, Healthcare, Finance, Manufacturing, Retail, Education, Other']
2026-01-02 20:59:29,887 - ERROR -    Data: {'company_name': 'Gamma LLC', 'contact_person': 'Alice', 'email': 'alice@gamma.com', 'industry': 'InvalidIndustry', 'status': 'New'}
2026-01-02 21:24:54,580 - ERROR - Row 2: Validation failed
2026-01-02 21:24:54,580 - ERROR -    Errors: ['Company name is required']
2026-01-02 21:24:54,580 - ERROR -    Data: {'company_name': '', 'contact_person': 'Jane', 'email': 'jane@test.com', 'industry': 'Finance', 'status': 'New', 'phone_num': '', 'website': ''}
2026-01-02 21:24:54,580 - ERROR - Row 3: Validation failed
2026-01-02 21:24:54,580 - ERROR -    Errors: ['Invalid email format']
2026-01-02 21:24:54,580 - ERROR -    Data: {'company_name': 'Beta Inc', 'contact_person': 'Bob', 'email': 'not-an-email', 'industry': 'Healthcare', 'status': 'New', 'phone_num': '', 'website': ''}
2026-01-02 21:24:54,580 - ERROR - Row 4: Validation failed
2026-01-02 21:24:54,580 - ERROR -    Errors: ['Industry must be of of: Technology, Healthcare, Finance, Manufacturing, Retail, Education, Other']
2026-01-02 21:24:54,580 - ERROR -    Data: {'company_name': 'Gamma LLC', 'contact_person': 'Alice', 'email': 'alice@gamma.com', 'industry': 'InvalidIndustry', 'status': 'New', 'phone_num': '', 'website': ''}
2026-01-02 21:24:54,580 - ERROR - Row 6: Validation failed
2026-01-02 21:24:54,580 - ERROR -    Errors: ['Invalid website url']
2026-01-02 21:24:54,580 - ERROR -    Data: {'company_name': 'Delta Co', 'contact_person': 'Charlie', 'email': 'charlie@delta.com', 'industry': 'Manufacturing', 'status': 'Qualified', 'phone_num': '(240)4808282', 'website': 'https:\\google.com'}
2026-01-02 21:24:54,580 - ERROR - Row 7: Validation failed
2026-01-02 21:24:54,580 - ERROR -    Errors: ['Invalid phone number', 'Invalid website url']
2026-01-02 21:24:54,580 - ERROR -    Data: {'company_name': 'Delta Co', 'contact_person': 'Charlie', 'email': 'charlie@delta.com', 'industry': 'Manufacturing', 'status': 'Qualified', 'phone_num': '(240)34808282', 'website': 'https:\\google.com'}
2026-01-02 21:24:54,580 - ERROR - Row 8: Validation failed
2026-01-02 21:24:54,580 - ERROR -    Errors: ['Invalid website url']
2026-01-02 21:24:54,580 - ERROR -    Data: {'company_name': 'Delta Co', 'contact_person': 'Charlie', 'email': 'charlie@delta.com', 'industry': 'Manufacturing', 'status': 'Qualified', 'phone_num': '(240)4808282', 'website': 'google.com'}
2026-01-02 21:24:54,580 - ERROR - Row 9: Validation failed
2026-01-02 21:24:54,581 - ERROR -    Errors: ['Invalid website url']
2026-01-02 21:24:54,581 - ERROR -    Data: {'company_name': 'Delta Co', 'contact_person': '', 'email': 'charlie@delta.com', 'industry': 'Manufacturing', 'status': 'Converted', 'phone_num': '(240)4808282', 'website': 'google.com'}
2026-01-02 21:25:47,419 - ERROR - Row 2: Validation failed
2026-01-02 21:25:47,419 - ERROR -    Errors: ['Company name is required']
2026-01-02 21:25:47,419 - ERROR -    Data: {'company_name': '', 'contact_person': 'Jane', 'email': 'jane@test.com', 'industry': 'Finance', 'status': 'New', 'phone_num': '', 'website': ''}
2026-01-02 21:25:47,419 - ERROR - Row 3: Validation failed
2026-01-02 21:25:47,419 - ERROR -    Errors: ['Invalid email format']
2026-01-02 21:25:47,419 - ERROR -    Data: {'company_name': 'Beta Inc', 'contact_person': 'Bob', 'email': 'not-an-email', 'industry': 'Healthcare', 'status': 'New', 'phone_num': '', 'website': ''}
2026-01-02 21:25:47,419 - ERROR - Row 4: Validation failed
2026-01-02 21:25:47,419 - ERROR -    Errors: ['Industry must be of of: Technology, Healthcare, Finance, Manufacturing, Retail, Education, Other']
2026-01-02 21:25:47,419 - ERROR -    Data: {'company_name': 'Gamma LLC', 'contact_person': 'Alice', 'email': 'alice@gamma.com', 'industry': 'InvalidIndustry', 'status': 'New', 'phone_num': '', 'website': ''}
2026-01-02 21:25:47,419 - ERROR - Row 6: Validation failed
2026-01-02 21:25:47,419 - ERROR -    Errors: ['Invalid website url']
2026-01-02 21:25:47,419 - ERROR -    Data: {'company_name': 'Delta Co', 'contact_person': 'Charlie', 'email': 'charlie@delta.com', 'industry': 'Manufacturing', 'status': 'Qualified', 'phone_num': '(240)4808282', 'website': 'https:\\google.com'}
2026-01-02 21:25:47,419 - ERROR - Row 7: Validation failed
2026-01-02 21:25:47,420 - ERROR -    Errors: ['Invalid phone number', 'Invalid website url']
2026-01-02 21:25:47,420 - ERROR -    Data: {'company_name': 'Delta Co', 'contact_person': 'Charlie', 'email': 'charlie@delta.com', 'industry': 'Manufacturing', 'status': 'Qualified', 'phone_num': '(240)34808282', 'website': 'https:\\google.com'}
2026-01-02 21:25:47,420 - ERROR - Row 8: Validation failed
2026-01-02 21:25:47,420 - ERROR -    Errors: ['Invalid website url']
2026-01-02 21:25:47,420 - ERROR -    Data: {'company_name': 'Delta Co', 'contact_person': 'Charlie', 'email': 'charlie@delta.com', 'industry': 'Manufacturing', 'status': 'Qualified', 'phone_num': '(240)4808282', 'website': 'google.com'}
2026-01-02 21:25:47,420 - ERROR - Row 9: Validation failed
2026-01-02 21:25:47,420 - ERROR -    Errors: ['Invalid website url', 'Status cannot be converted without contact person']
2026-01-02 21:25:47,420 - ERROR -    Data: {'company_name': 'Delta Co', 'contact_person': '', 'email': 'charlie@delta.com', 'industry': 'Manufacturing', 'status': 'Converted', 'phone_num': '(240)4808282', 'website': 'google.com'}
2026-01-02 21:27:13,959 - ERROR - Row 2: Validation failed
2026-01-02 21:27:13,959 - ERROR -    Errors: ['Company name is required']
2026-01-02 21:27:13,959 - ERROR -    Data: {'company_name': '', 'contact_person': 'Jane', 'email': 'jane@test.com', 'industry': 'Finance', 'status': 'New', 'phone_num': '', 'website': ''}
2026-01-02 21:27:13,959 - ERROR - Row 3: Validation failed
2026-01-02 21:27:13,959 - ERROR -    Errors: ['Invalid email format']
2026-01-02 21:27:13,959 - ERROR -    Data: {'company_name': 'Beta Inc', 'contact_person': 'Bob', 'email': 'not-an-email', 'industry': 'Healthcare', 'status': 'New', 'phone_num': '', 'website': ''}
2026-01-02 21:27:13,959 - ERROR - Row 4: Validation failed
2026-01-02 21:27:13,959 - ERROR -    Errors: ['Industry must be of of: Technology, Healthcare, Finance, Manufacturing, Retail, Education, Other']
2026-01-02 21:27:13,959 - ERROR -    Data: {'company_name': 'Gamma LLC', 'contact_person': 'Alice', 'email': 'alice@gamma.com', 'industry': 'InvalidIndustry', 'status': 'New', 'phone_num': '', 'website': ''}
2026-01-02 21:27:13,960 - ERROR - Row 6: Validation failed
2026-01-02 21:27:13,960 - ERROR -    Errors: ['Invalid website url']
2026-01-02 21:27:13,960 - ERROR -    Data: {'company_name': 'AMC', 'contact_person': 'Charlie', 'email': 'charlie@delta.com', 'industry': 'Manufacturing', 'status': 'Qualified', 'phone_num': '(240)4808282', 'website': 'https:\\google.com'}
2026-01-02 21:27:13,960 - ERROR - Row 7: Validation failed
2026-01-02 21:27:13,960 - ERROR -    Errors: ['Invalid phone number', 'Invalid website url']
2026-01-02 21:27:13,960 - ERROR -    Data: {'company_name': 'Apple', 'contact_person': 'Charlie', 'email': 'charlie@delta.com', 'industry': 'Manufacturing', 'status': 'Qualified', 'phone_num': '(240)34808282', 'website': 'https:\\google.com'}
2026-01-02 21:27:13,960 - ERROR - Row 8: Validation failed
2026-01-02 21:27:13,960 - ERROR -    Errors: ['Invalid website url']
2026-01-02 21:27:13,960 - ERROR -    Data: {'company_name': 'Meta', 'contact_person': 'Charlie', 'email': 'charlie@delta.com', 'industry': 'Manufacturing', 'status': 'Qualified', 'phone_num': '(240)4808282', 'website': 'google.com'}
2026-01-02 21:27:13,960 - ERROR - Row 9: Validation failed
2026-01-02 21:27:13,960 - ERROR -    Errors: ['Invalid website url', 'Status cannot be converted without contact person']
2026-01-02 21:27:13,960 - ERROR -    Data: {'company_name': 'Netflix', 'contact_person': '', 'email': 'charlie@delta.com', 'industry': 'Manufacturing', 'status': 'Converted', 'phone_num': '(240)4808282', 'website': 'google.com'}
2026-01-02 21:28:27,463 - ERROR - Row 2: Validation failed
2026-01-02 21:28:27,463 - ERROR -    Errors: ['Company name is required']
2026-01-02 21:28:27,463 - ERROR -    Data: {'company_name': '', 'contact_person': 'Jane', 'email': 'jane@test.com', 'industry': 'Finance', 'status': 'New', 'phone_num': '', 'website': ''}
2026-01-02 21:28:27,463 - ERROR - Row 3: Validation failed
2026-01-02 21:28:27,463 - ERROR -    Errors: ['Invalid email format']
2026-01-02 21:28:27,463 - ERROR -    Data: {'company_name': 'Beta Inc', 'contact_person': 'Bob', 'email': 'not-an-email', 'industry': 'Healthcare', 'status': 'New', 'phone_num': '', 'website': ''}
2026-01-02 21:28:27,463 - ERROR - Row 4: Validation failed
2026-01-02 21:28:27,463 - ERROR -    Errors: ['Industry must be of of: Technology, Healthcare, Finance, Manufacturing, Retail, Education, Other']
2026-01-02 21:28:27,463 - ERROR -    Data: {'company_name': 'Gamma LLC', 'contact_person': 'Alice', 'email': 'alice@gamma.com', 'industry': 'InvalidIndustry', 'status': 'New', 'phone_num': '', 'website': ''}
2026-01-02 21:28:27,463 - ERROR - Row 6: Validation failed
2026-01-02 21:28:27,463 - ERROR -    Errors: ['Invalid website url']
2026-01-02 21:28:27,463 - ERROR -    Data: {'company_name': 'AMC', 'contact_person': 'Charlie', 'email': 'charlie@delta.com', 'industry': 'Manufacturing', 'status': 'Qualified', 'phone_num': '(240)4808282', 'website': 'https:\\google.com'}
2026-01-02 21:28:27,463 - ERROR - Row 7: Validation failed
2026-01-02 21:28:27,463 - ERROR -    Errors: ['Invalid phone number', 'Invalid website url']
2026-01-02 21:28:27,463 - ERROR -    Data: {'company_name': 'Apple', 'contact_person': 'Charlie', 'email': 'charlie@delta.com', 'industry': 'Manufacturing', 'status': 'Qualified', 'phone_num': '(240)34808282', 'website': 'https:\\google.com'}
2026-01-02 21:28:27,463 - ERROR - Row 8: Validation failed
2026-01-02 21:28:27,464 - ERROR -    Errors: ['Invalid website url']
2026-01-02 21:28:27,464 - ERROR -    Data: {'company_name': 'Meta', 'contact_person': 'Charlie', 'email': 'charlie@delta.com', 'industry': 'Manufacturing', 'status': 'Qualified', 'phone_num': '(240)4808282', 'website': 'google.com'}
2026-01-02 21:28:27,464 - ERROR - Row 9: Validation failed
2026-01-02 21:28:27,464 - ERROR -    Errors: ['Invalid website url', 'Status cannot be converted without contact person']
2026-01-02 21:28:27,464 - ERROR -    Data: {'company_name': 'Netflix', 'contact_person': '', 'email': 'charlie@delta.com', 'industry': 'Manufacturing', 'status': 'Converted', 'phone_num': '(240)4808282', 'website': 'google.com'}
2026-01-02 21:30:30,813 - ERROR - Row 2: Validation failed
2026-01-02 21:30:30,813 - ERROR -    Errors: ['Company name is required']
2026-01-02 21:30:30,813 - ERROR -    Data: {'company_name': '', 'contact_person': 'Jane', 'email': 'jane@test.com', 'industry': 'Finance', 'status': 'New', 'phone_num': '', 'website': ''}
2026-01-02 21:30:30,813 - ERROR - Row 3: Validation failed
2026-01-02 21:30:30,813 - ERROR -    Errors: ['Invalid email format']
2026-01-02 21:30:30,813 - ERROR -    Data: {'company_name': 'Beta Inc', 'contact_person': 'Bob', 'email': 'not-an-email', 'industry': 'Healthcare', 'status': 'New', 'phone_num': '', 'website': ''}
2026-01-02 21:30:30,813 - ERROR - Row 4: Validation failed
2026-01-02 21:30:30,813 - ERROR -    Errors: ['Industry must be of of: Technology, Healthcare, Finance, Manufacturing, Retail, Education, Other']
2026-01-02 21:30:30,813 - ERROR -    Data: {'company_name': 'Gamma LLC', 'contact_person': 'Alice', 'email': 'alice@gamma.com', 'industry': 'InvalidIndustry', 'status': 'New', 'phone_num': '', 'website': ''}
2026-01-02 21:30:30,814 - ERROR - Row 6: Validation failed
2026-01-02 21:30:30,814 - ERROR -    Errors: ['Invalid website url']
2026-01-02 21:30:30,814 - ERROR -    Data: {'company_name': 'AMC', 'contact_person': 'Charlie', 'email': 'charlie@delta.com', 'industry': 'Manufacturing', 'status': 'Qualified', 'phone_num': '(240)4808282', 'website': 'https://google.com'}
2026-01-02 21:30:30,814 - ERROR - Row 7: Validation failed
2026-01-02 21:30:30,814 - ERROR -    Errors: ['Invalid phone number', 'Invalid website url']
2026-01-02 21:30:30,814 - ERROR -    Data: {'company_name': 'Apple', 'contact_person': 'Charlie', 'email': 'charlie@delta.com', 'industry': 'Manufacturing', 'status': 'Qualified', 'phone_num': '(240)34808282', 'website': 'https://google.com'}
2026-01-02 21:30:30,814 - ERROR - Row 8: Validation failed
2026-01-02 21:30:30,814 - ERROR -    Errors: ['Invalid website url']
2026-01-02 21:30:30,814 - ERROR -    Data: {'company_name': 'Meta', 'contact_person': 'Charlie', 'email': 'charlie@delta.com', 'industry': 'Manufacturing', 'status': 'Qualified', 'phone_num': '(240)4808282', 'website': 'google.com'}
2026-01-02 21:30:30,814 - ERROR - Row 9: Validation failed
2026-01-02 21:30:30,814 - ERROR -    Errors: ['Invalid website url', 'Status cannot be converted without contact person']
2026-01-02 21:30:30,814 - ERROR -    Data: {'company_name': 'Netflix', 'contact_person': '', 'email': 'charlie@delta.com', 'industry': 'Manufacturing', 'status': 'Converted', 'phone_num': '(240)4808282', 'website': 'https://google.com'}
2026-01-02 21:34:36,713 - ERROR - Row 2: Validation failed
2026-01-02 21:34:36,713 - ERROR -    Errors: ['Company name is required']
2026-01-02 21:34:36,714 - ERROR -    Data: {'company_name': '', 'contact_person': 'Jane', 'email': 'jane@test.com', 'industry': 'Finance', 'status': 'New', 'phone_num': '', 'website': ''}
2026-01-02 21:34:36,714 - ERROR - Row 3: Validation failed
2026-01-02 21:34:36,714 - ERROR -    Errors: ['Invalid email format']
2026-01-02 21:34:36,714 - ERROR -    Data: {'company_name': 'Beta Inc', 'contact_person': 'Bob', 'email': 'not-an-email', 'industry': 'Healthcare', 'status': 'New', 'phone_num': '', 'website': ''}
2026-01-02 21:34:36,714 - ERROR - Row 4: Validation failed
2026-01-02 21:34:36,714 - ERROR -    Errors: ['Industry must be of of: Technology, Healthcare, Finance, Manufacturing, Retail, Education, Other']
2026-01-02 21:34:36,714 - ERROR -    Data: {'company_name': 'Gamma LLC', 'contact_person': 'Alice', 'email': 'alice@gamma.com', 'industry': 'InvalidIndustry', 'status': 'New', 'phone_num': '', 'website': ''}
2026-01-02 21:34:36,714 - ERROR - Row 7: Validation failed
2026-01-02 21:34:36,714 - ERROR -    Errors: ['Invalid phone number']
2026-01-02 21:34:36,714 - ERROR -    Data: {'company_name': 'Apple', 'contact_person': 'Steve', 'email': 'steve@apple.com', 'industry': '', 'status': '', 'phone_num': '(240)34808282', 'website': 'https://apple.com'}
2026-01-02 21:34:36,714 - ERROR - Row 8: Validation failed
2026-01-02 21:34:36,714 - ERROR -    Errors: ['Website must start with http:// or https://']
2026-01-02 21:34:36,714 - ERROR -    Data: {'company_name': 'Meta', 'contact_person': 'Mark', 'email': 'mark@meta.com', 'industry': '', 'status': '', 'phone_num': '(240)4808282', 'website': 'google.com'}
2026-01-02 21:34:36,714 - ERROR - Row 9: Validation failed
2026-01-02 21:34:36,714 - ERROR -    Errors: ['Status cannot be converted without contact person']
2026-01-02 21:34:36,714 - ERROR -    Data: {'company_name': 'Netflix', 'contact_person': '', 'email': 'info@netflix.com', 'industry': '', 'status': 'Converted', 'phone_num': '(240)4808282', 'website': 'https://netflix.com'}
2026-01-02 21:58:53,628 - ERROR - Row 10: Validation failed
2026-01-02 21:58:53,628 - ERROR -    Errors: ['Industry must be of of: Technology, Healthcare, Finance, Manufacturing, Retail, Education, Other']
2026-01-02 21:58:53,628 - ERROR -    Data: {'company_name': 'Tesla', 'contact_person': ' Elon Musk', 'email': 'elon@tesla.com', 'industry': 'Automotive', 'status': 'New'}
2026-01-02 21:58:53,629 - ERROR - Row 11: Validation failed
2026-01-02 21:58:53,629 - ERROR -    Errors: ['Industry must be of of: Technology, Healthcare, Finance, Manufacturing, Retail, Education, Other']
2026-01-02 21:58:53,629 - ERROR -    Data: {'company_name': 'Netflix', 'contact_person': ' Reed Hastings', 'email': 'reed@netflix.com', 'industry': 'Entertainment', 'status': 'Contacted'}
2026-01-02 21:58:53,629 - ERROR - Row 12: Validation failed
2026-01-02 21:58:53,629 - ERROR -    Errors: ['Industry must be of of: Technology, Healthcare, Finance, Manufacturing, Retail, Education, Other']
2026-01-02 21:58:53,629 - ERROR -    Data: {'company_name': 'Disney', 'contact_person': ' Steve Jobs', 'email': 'steve@disney.com', 'industry': 'Entertainment', 'status': 'Qualified'}
